#
# There is insufficient memory for the Java Runtime Environment to continue.
# Native memory allocation (malloc) failed to allocate 1783536 bytes for Chunk::new
# Possible reasons:
#   The system is out of physical RAM or swap space
#   In 32 bit mode, the process size limit was hit
# Possible solutions:
#   Reduce memory load on the system
#   Increase physical memory or swap space
#   Check if swap backing store is full
#   Use 64 bit Java on a 64 bit OS
#   Decrease Java heap size (-Xmx/-Xms)
#   Decrease number of Java threads
#   Decrease Java thread stack sizes (-Xss)
#   Set larger code cache with -XX:ReservedCodeCacheSize=
# This output file may be truncated or incomplete.
#
#  Out of Memory Error (allocation.cpp:390), pid=14180, tid=0x0000000000000864
#
# JRE version: Java(TM) SE Runtime Environment (8.0_181-b13) (build 1.8.0_181-b13)
# Java VM: Java HotSpot(TM) 64-Bit Server VM (25.181-b13 mixed mode windows-amd64 compressed oops)
# Failed to write core dump. Minidumps are not enabled by default on client versions of Windows
#

---------------  T H R E A D  ---------------

Current thread (0x000000001a5e1800):  JavaThread "C2 CompilerThread1" daemon [_thread_in_native, id=2148, stack(0x000000001ae20000,0x000000001af20000)]

Stack: [0x000000001ae20000,0x000000001af20000]
[error occurred during error reporting (printing stack bounds), id 0xc0000005]

Native frames: (J=compiled Java code, j=interpreted, Vv=VM code, C=native code)


Current CompileTask:
C2:  12322 6018       4       com.sun.tools.javac.comp.Attr::selectSym (600 bytes)


---------------  P R O C E S S  ---------------

Java Threads: ( => current thread )
  0x000000001a5e4800 JavaThread "Service Thread" daemon [_thread_blocked, id=18532, stack(0x000000001b120000,0x000000001b220000)]
  0x000000001a5f0000 JavaThread "C1 CompilerThread3" daemon [_thread_blocked, id=13664, stack(0x000000001b020000,0x000000001b120000)]
  0x000000001a5e3800 JavaThread "C2 CompilerThread2" daemon [_thread_in_native, id=22548, stack(0x000000001af20000,0x000000001b020000)]
=>0x000000001a5e1800 JavaThread "C2 CompilerThread1" daemon [_thread_in_native, id=2148, stack(0x000000001ae20000,0x000000001af20000)]
  0x000000001a5e0000 JavaThread "C2 CompilerThread0" daemon [_thread_in_native, id=5272, stack(0x000000001ad20000,0x000000001ae20000)]
  0x000000001a5e6800 JavaThread "Monitor Ctrl-Break" daemon [_thread_in_native, id=16380, stack(0x000000001ac20000,0x000000001ad20000)]
  0x000000001a55c000 JavaThread "Attach Listener" daemon [_thread_blocked, id=14448, stack(0x000000001ab20000,0x000000001ac20000)]
  0x000000001a55b000 JavaThread "Signal Dispatcher" daemon [_thread_blocked, id=7052, stack(0x000000001aa20000,0x000000001ab20000)]
  0x000000001a540800 JavaThread "Finalizer" daemon [_thread_blocked, id=17928, stack(0x000000001a920000,0x000000001aa20000)]
  0x00000000036a8000 JavaThread "Reference Handler" daemon [_thread_blocked, id=15356, stack(0x000000001a420000,0x000000001a520000)]
  0x00000000035b2800 JavaThread "main" [_thread_in_Java, id=4608, stack(0x0000000003290000,0x0000000003390000)]

Other Threads:
  0x0000000018649800 VMThread [stack: 0x000000001a320000,0x000000001a420000] [id=1684]
  0x000000001a69b800 WatcherThread [stack: 0x000000001b220000,0x000000001b320000] [id=16164]

VM state:not at safepoint (normal execution)

VM Mutex/Monitor currently owned by a thread: None

Heap:
 PSYoungGen      total 262144K, used 203372K [0x00000000d5d80000, 0x00000000e8500000, 0x0000000100000000)
  eden space 240128K, 75% used [0x00000000d5d80000,0x00000000e0ea0cb8,0x00000000e4800000)
  from space 22016K, 99% used [0x00000000e5a80000,0x00000000e6ffa418,0x00000000e7000000)
  to   space 21504K, 0% used [0x00000000e7000000,0x00000000e7000000,0x00000000e8500000)
 ParOldGen       total 90112K, used 45071K [0x0000000081800000, 0x0000000087000000, 0x00000000d5d80000)
  object space 90112K, 50% used [0x0000000081800000,0x0000000084403f90,0x0000000087000000)
 Metaspace       used 27376K, capacity 28156K, committed 28208K, reserved 1075200K
  class space    used 3154K, capacity 3346K, committed 3376K, reserved 1048576K

Card table byte_map: [0x0000000012a70000,0x0000000012e70000] byte_map_base: 0x0000000012664000

Marking Bits: (ParMarkBitMap*) 0x000000005db62d00
 Begin Bits: [0x0000000013920000, 0x00000000158c0000)
 End Bits:   [0x00000000158c0000, 0x0000000017860000)

Polling page: 0x0000000001210000

CodeCache: size=245760Kb used=19831Kb max_used=20246Kb free=225928Kb
 bounds [0x00000000036b0000, 0x0000000004ab0000, 0x00000000126b0000]
 total_blobs=5661 nmethods=5232 adapters=341
 compilation: enabled

Compilation events (10 events):
Event: 12.289 Thread 0x000000001a5f0000 6109       3       com.sun.tools.javac.comp.MemberEnter::memberEnter (30 bytes)
Event: 12.289 Thread 0x000000001a5f0000 nmethod 6109 0x0000000003813f50 code [0x00000000038140e0, 0x0000000003814588]
Event: 12.290 Thread 0x000000001a5f0000 6110       1       com.sun.tools.javac.comp.Check::access$700 (5 bytes)
Event: 12.290 Thread 0x000000001a5f0000 nmethod 6110 0x00000000044ae710 code [0x00000000044ae860, 0x00000000044ae950]
Event: 12.290 Thread 0x000000001a5f0000 6111       3       com.sun.tools.javac.comp.Check::checkUnique (290 bytes)
Event: 12.293 Thread 0x000000001a5f0000 nmethod 6111 0x0000000004569110 code [0x0000000004569500, 0x000000000456bd08]
Event: 12.293 Thread 0x000000001a5f0000 6113       3       com.sun.tools.javac.code.Types$16::apply (9 bytes)
Event: 12.294 Thread 0x000000001a5f0000 nmethod 6113 0x0000000004517f50 code [0x0000000004518120, 0x0000000004518988]
Event: 12.294 Thread 0x000000001a5f0000 6112   !   3       com.sun.tools.javac.comp.Check$CycleChecker::checkClass (246 bytes)
Event: 12.296 Thread 0x000000001a5f0000 nmethod 6112 0x00000000039dd490 code [0x00000000039dd780, 0x00000000039df2d8]

GC Heap History (10 events):
Event: 3.548 GC heap before
{Heap before GC invocations=6 (full 0):
 PSYoungGen      total 71680K, used 71656K [0x00000000d5d80000, 0x00000000dfe80000, 0x0000000100000000)
  eden space 66560K, 100% used [0x00000000d5d80000,0x00000000d9e80000,0x00000000d9e80000)
  from space 5120K, 99% used [0x00000000d9e80000,0x00000000da37a020,0x00000000da380000)
  to   space 15872K, 0% used [0x00000000def00000,0x00000000def00000,0x00000000dfe80000)
 ParOldGen       total 87552K, used 21094K [0x0000000081800000, 0x0000000086d80000, 0x00000000d5d80000)
  object space 87552K, 24% used [0x0000000081800000,0x0000000082c99970,0x0000000086d80000)
 Metaspace       used 16403K, capacity 16750K, committed 16896K, reserved 1064960K
  class space    used 1939K, capacity 2047K, committed 2048K, reserved 1048576K
Event: 3.565 GC heap after
Heap after GC invocations=6 (full 0):
 PSYoungGen      total 148480K, used 12354K [0x00000000d5d80000, 0x00000000dff80000, 0x0000000100000000)
  eden space 132608K, 0% used [0x00000000d5d80000,0x00000000d5d80000,0x00000000ddf00000)
  from space 15872K, 77% used [0x00000000def00000,0x00000000dfb108b0,0x00000000dfe80000)
  to   space 16384K, 0% used [0x00000000ddf00000,0x00000000ddf00000,0x00000000def00000)
 ParOldGen       total 87552K, used 21102K [0x0000000081800000, 0x0000000086d80000, 0x00000000d5d80000)
  object space 87552K, 24% used [0x0000000081800000,0x0000000082c9b970,0x0000000086d80000)
 Metaspace       used 16403K, capacity 16750K, committed 16896K, reserved 1064960K
  class space    used 1939K, capacity 2047K, committed 2048K, reserved 1048576K
}
Event: 5.042 GC heap before
{Heap before GC invocations=7 (full 0):
 PSYoungGen      total 148480K, used 115068K [0x00000000d5d80000, 0x00000000dff80000, 0x0000000100000000)
  eden space 132608K, 77% used [0x00000000d5d80000,0x00000000dc1ceb20,0x00000000ddf00000)
  from space 15872K, 77% used [0x00000000def00000,0x00000000dfb108b0,0x00000000dfe80000)
  to   space 16384K, 0% used [0x00000000ddf00000,0x00000000ddf00000,0x00000000def00000)
 ParOldGen       total 87552K, used 21102K [0x0000000081800000, 0x0000000086d80000, 0x00000000d5d80000)
  object space 87552K, 24% used [0x0000000081800000,0x0000000082c9b970,0x0000000086d80000)
 Metaspace       used 20756K, capacity 21176K, committed 21296K, reserved 1069056K
  class space    used 2477K, capacity 2586K, committed 2608K, reserved 1048576K
Event: 5.070 GC heap after
Heap after GC invocations=7 (full 0):
 PSYoungGen      total 148992K, used 16383K [0x00000000d5d80000, 0x00000000e8880000, 0x0000000100000000)
  eden space 132608K, 0% used [0x00000000d5d80000,0x00000000d5d80000,0x00000000ddf00000)
  from space 16384K, 99% used [0x00000000ddf00000,0x00000000deeffc40,0x00000000def00000)
  to   space 20480K, 0% used [0x00000000e7480000,0x00000000e7480000,0x00000000e8880000)
 ParOldGen       total 87552K, used 24304K [0x0000000081800000, 0x0000000086d80000, 0x00000000d5d80000)
  object space 87552K, 27% used [0x0000000081800000,0x0000000082fbc260,0x0000000086d80000)
 Metaspace       used 20756K, capacity 21176K, committed 21296K, reserved 1069056K
  class space    used 2477K, capacity 2586K, committed 2608K, reserved 1048576K
}
Event: 5.070 GC heap before
{Heap before GC invocations=8 (full 1):
 PSYoungGen      total 148992K, used 16383K [0x00000000d5d80000, 0x00000000e8880000, 0x0000000100000000)
  eden space 132608K, 0% used [0x00000000d5d80000,0x00000000d5d80000,0x00000000ddf00000)
  from space 16384K, 99% used [0x00000000ddf00000,0x00000000deeffc40,0x00000000def00000)
  to   space 20480K, 0% used [0x00000000e7480000,0x00000000e7480000,0x00000000e8880000)
 ParOldGen       total 87552K, used 24304K [0x0000000081800000, 0x0000000086d80000, 0x00000000d5d80000)
  object space 87552K, 27% used [0x0000000081800000,0x0000000082fbc260,0x0000000086d80000)
 Metaspace       used 20756K, capacity 21176K, committed 21296K, reserved 1069056K
  class space    used 2477K, capacity 2586K, committed 2608K, reserved 1048576K
Event: 5.185 GC heap after
Heap after GC invocations=8 (full 1):
 PSYoungGen      total 148992K, used 0K [0x00000000d5d80000, 0x00000000e8880000, 0x0000000100000000)
  eden space 132608K, 0% used [0x00000000d5d80000,0x00000000d5d80000,0x00000000ddf00000)
  from space 16384K, 0% used [0x00000000ddf00000,0x00000000ddf00000,0x00000000def00000)
  to   space 20480K, 0% used [0x00000000e7480000,0x00000000e7480000,0x00000000e8880000)
 ParOldGen       total 90112K, used 30038K [0x0000000081800000, 0x0000000087000000, 0x00000000d5d80000)
  object space 90112K, 33% used [0x0000000081800000,0x0000000083555af8,0x0000000087000000)
 Metaspace       used 20756K, capacity 21176K, committed 21296K, reserved 1069056K
  class space    used 2477K, capacity 2586K, committed 2608K, reserved 1048576K
}
Event: 7.500 GC heap before
{Heap before GC invocations=9 (full 1):
 PSYoungGen      total 148992K, used 132608K [0x00000000d5d80000, 0x00000000e8880000, 0x0000000100000000)
  eden space 132608K, 100% used [0x00000000d5d80000,0x00000000ddf00000,0x00000000ddf00000)
  from space 16384K, 0% used [0x00000000ddf00000,0x00000000ddf00000,0x00000000def00000)
  to   space 20480K, 0% used [0x00000000e7480000,0x00000000e7480000,0x00000000e8880000)
 ParOldGen       total 90112K, used 30038K [0x0000000081800000, 0x0000000087000000, 0x00000000d5d80000)
  object space 90112K, 33% used [0x0000000081800000,0x0000000083555af8,0x0000000087000000)
 Metaspace       used 24266K, capacity 24844K, committed 25008K, reserved 1071104K
  class space    used 2844K, capacity 2953K, committed 2992K, reserved 1048576K
Event: 7.515 GC heap after
Heap after GC invocations=9 (full 1):
 PSYoungGen      total 209408K, used 17020K [0x00000000d5d80000, 0x00000000e8580000, 0x0000000100000000)
  eden space 192000K, 0% used [0x00000000d5d80000,0x00000000d5d80000,0x00000000e1900000)
  from space 17408K, 97% used [0x00000000e7480000,0x00000000e851f1f0,0x00000000e8580000)
  to   space 22016K, 0% used [0x00000000e5a80000,0x00000000e5a80000,0x00000000e7000000)
 ParOldGen       total 90112K, used 30046K [0x0000000081800000, 0x0000000087000000, 0x00000000d5d80000)
  object space 90112K, 33% used [0x0000000081800000,0x0000000083557af8,0x0000000087000000)
 Metaspace       used 24266K, capacity 24844K, committed 25008K, reserved 1071104K
  class space    used 2844K, capacity 2953K, committed 2992K, reserved 1048576K
}
Event: 10.256 GC heap before
{Heap before GC invocations=10 (full 1):
 PSYoungGen      total 209408K, used 209020K [0x00000000d5d80000, 0x00000000e8580000, 0x0000000100000000)
  eden space 192000K, 100% used [0x00000000d5d80000,0x00000000e1900000,0x00000000e1900000)
  from space 17408K, 97% used [0x00000000e7480000,0x00000000e851f1f0,0x00000000e8580000)
  to   space 22016K, 0% used [0x00000000e5a80000,0x00000000e5a80000,0x00000000e7000000)
 ParOldGen       total 90112K, used 30046K [0x0000000081800000, 0x0000000087000000, 0x00000000d5d80000)
  object space 90112K, 33% used [0x0000000081800000,0x0000000083557af8,0x0000000087000000)
 Metaspace       used 25734K, capacity 26364K, committed 26544K, reserved 1073152K
  class space    used 2974K, capacity 3154K, committed 3248K, reserved 1048576K
Event: 10.282 GC heap after
Heap after GC invocations=10 (full 1):
 PSYoungGen      total 262144K, used 21993K [0x00000000d5d80000, 0x00000000e8500000, 0x0000000100000000)
  eden space 240128K, 0% used [0x00000000d5d80000,0x00000000d5d80000,0x00000000e4800000)
  from space 22016K, 99% used [0x00000000e5a80000,0x00000000e6ffa418,0x00000000e7000000)
  to   space 21504K, 0% used [0x00000000e7000000,0x00000000e7000000,0x00000000e8500000)
 ParOldGen       total 90112K, used 45071K [0x0000000081800000, 0x0000000087000000, 0x00000000d5d80000)
  object space 90112K, 50% used [0x0000000081800000,0x0000000084403f90,0x0000000087000000)
 Metaspace       used 25734K, capacity 26364K, committed 26544K, reserved 1073152K
  class space    used 2974K, capacity 3154K, committed 3248K, reserved 1048576K
}

Deoptimization events (10 events):
Event: 11.127 Thread 0x00000000035b2800 Uncommon trap: reason=null_check action=maybe_recompile pc=0x0000000003db8c04 method=java.util.regex.Matcher.getTextLength()I @ 4
Event: 11.401 Thread 0x00000000035b2800 Uncommon trap: reason=unstable_if action=reinterpret pc=0x00000000047f40e8 method=com.sun.tools.javac.tree.TreeScanner.scan(Lcom/sun/tools/javac/util/List;)V @ 1
Event: 11.406 Thread 0x00000000035b2800 Uncommon trap: reason=bimorphic action=maybe_recompile pc=0x00000000047fdfc0 method=com.sun.tools.javac.jvm.ClassReader.includeClassFile(Lcom/sun/tools/javac/code/Symbol$PackageSymbol;Ljavax/tools/JavaFileObject;)V @ 83
Event: 11.406 Thread 0x00000000035b2800 Uncommon trap: reason=bimorphic action=maybe_recompile pc=0x00000000047fdfc0 method=com.sun.tools.javac.jvm.ClassReader.includeClassFile(Lcom/sun/tools/javac/code/Symbol$PackageSymbol;Ljavax/tools/JavaFileObject;)V @ 83
Event: 11.406 Thread 0x00000000035b2800 Uncommon trap: reason=bimorphic action=maybe_recompile pc=0x00000000047fdfc0 method=com.sun.tools.javac.jvm.ClassReader.includeClassFile(Lcom/sun/tools/javac/code/Symbol$PackageSymbol;Ljavax/tools/JavaFileObject;)V @ 83
Event: 11.406 Thread 0x00000000035b2800 Uncommon trap: reason=bimorphic action=maybe_recompile pc=0x00000000047fdfc0 method=com.sun.tools.javac.jvm.ClassReader.includeClassFile(Lcom/sun/tools/javac/code/Symbol$PackageSymbol;Ljavax/tools/JavaFileObject;)V @ 83
Event: 12.132 Thread 0x00000000035b2800 Uncommon trap: reason=bimorphic action=maybe_recompile pc=0x000000000490f358 method=lombok.javac.JavacNode.traverse(Llombok/javac/JavacASTVisitor;)V @ 73
Event: 12.132 Thread 0x00000000035b2800 Uncommon trap: reason=bimorphic action=maybe_recompile pc=0x000000000490f37c method=lombok.javac.JavacNode.traverse(Llombok/javac/JavacASTVisitor;)V @ 113
Event: 12.132 Thread 0x00000000035b2800 Uncommon trap: reason=bimorphic action=maybe_recompile pc=0x000000000490ef04 method=lombok.javac.JavacNode.traverse(Llombok/javac/JavacASTVisitor;)V @ 490
Event: 12.133 Thread 0x00000000035b2800 Uncommon trap: reason=bimorphic action=maybe_recompile pc=0x000000000490f358 method=lombok.javac.JavacNode.traverse(Llombok/javac/JavacASTVisitor;)V @ 73

Classes redefined (0 events):
No events

Internal exceptions (10 events):
Event: 11.353 Thread 0x00000000035b2800 NullPointerException at vtable entry 0x0000000003aad96f
Event: 11.353 Thread 0x00000000035b2800 Exception <a 'java/lang/NullPointerException'> (0x00000000dcde57e8) thrown at [C:\re\workspace\8-2-build-windows-amd64-cygwin\jdk8u181\11358\hotspot\src\share\vm\runtime\sharedRuntime.cpp, line 605]
Event: 11.354 Thread 0x00000000035b2800 NullPointerException at vtable entry 0x0000000003aad96f
Event: 11.354 Thread 0x00000000035b2800 Exception <a 'java/lang/NullPointerException'> (0x00000000dce3aea0) thrown at [C:\re\workspace\8-2-build-windows-amd64-cygwin\jdk8u181\11358\hotspot\src\share\vm\runtime\sharedRuntime.cpp, line 605]
Event: 11.354 Thread 0x00000000035b2800 NullPointerException at vtable entry 0x0000000003aad96f
Event: 11.354 Thread 0x00000000035b2800 Exception <a 'java/lang/NullPointerException'> (0x00000000dce90840) thrown at [C:\re\workspace\8-2-build-windows-amd64-cygwin\jdk8u181\11358\hotspot\src\share\vm\runtime\sharedRuntime.cpp, line 605]
Event: 11.355 Thread 0x00000000035b2800 NullPointerException at vtable entry 0x0000000003aad96f
Event: 11.355 Thread 0x00000000035b2800 Exception <a 'java/lang/NullPointerException'> (0x00000000dcef9af0) thrown at [C:\re\workspace\8-2-build-windows-amd64-cygwin\jdk8u181\11358\hotspot\src\share\vm\runtime\sharedRuntime.cpp, line 605]
Event: 11.356 Thread 0x00000000035b2800 NullPointerException at vtable entry 0x0000000003aad96f
Event: 11.356 Thread 0x00000000035b2800 Exception <a 'java/lang/NullPointerException'> (0x00000000dcf2f8c8) thrown at [C:\re\workspace\8-2-build-windows-amd64-cygwin\jdk8u181\11358\hotspot\src\share\vm\runtime\sharedRuntime.cpp, line 605]

Events (10 events):
Event: 12.132 Thread 0x00000000035b2800 DEOPT UNPACKING pc=0x00000000036f583b sp=0x000000000338d400 mode 2
Event: 12.132 Thread 0x00000000035b2800 Uncommon trap: trap_request=0xffffffc6 fr.pc=0x000000000490f37c
Event: 12.132 Thread 0x00000000035b2800 DEOPT PACKING pc=0x000000000490f37c sp=0x000000000338d390
Event: 12.132 Thread 0x00000000035b2800 DEOPT UNPACKING pc=0x00000000036f583b sp=0x000000000338d320 mode 2
Event: 12.132 Thread 0x00000000035b2800 Uncommon trap: trap_request=0xffffffc6 fr.pc=0x000000000490ef04
Event: 12.133 Thread 0x00000000035b2800 DEOPT PACKING pc=0x000000000490ef04 sp=0x000000000338d2b0
Event: 12.133 Thread 0x00000000035b2800 DEOPT UNPACKING pc=0x00000000036f583b sp=0x000000000338d238 mode 2
Event: 12.133 Thread 0x00000000035b2800 Uncommon trap: trap_request=0xffffffc6 fr.pc=0x000000000490f358
Event: 12.133 Thread 0x00000000035b2800 DEOPT PACKING pc=0x000000000490f358 sp=0x000000000338d460
Event: 12.133 Thread 0x00000000035b2800 DEOPT UNPACKING pc=0x00000000036f583b sp=0x000000000338d400 mode 2


Dynamic libraries:
0x00007ff6223b0000 - 0x00007ff6223e7000 	C:\Program Files\Java\jdk1.8.0_181\bin\java.exe
0x00007ff95bb40000 - 0x00007ff95bd30000 	C:\Windows\SYSTEM32\ntdll.dll
0x00007ff95ae30000 - 0x00007ff95aee2000 	C:\Windows\System32\KERNEL32.DLL
0x00007ff959940000 - 0x00007ff959be4000 	C:\Windows\System32\KERNELBASE.dll
0x00007ff959e80000 - 0x00007ff959f23000 	C:\Windows\System32\ADVAPI32.dll
0x00007ff95b050000 - 0x00007ff95b0ee000 	C:\Windows\System32\msvcrt.dll
0x00007ff95afb0000 - 0x00007ff95b047000 	C:\Windows\System32\sechost.dll
0x00007ff95a450000 - 0x00007ff95a570000 	C:\Windows\System32\RPCRT4.dll
0x00007ff959c60000 - 0x00007ff959df4000 	C:\Windows\System32\USER32.dll
0x00007ff958f90000 - 0x00007ff958fb1000 	C:\Windows\System32\win32u.dll
0x00007ff95b0f0000 - 0x00007ff95b116000 	C:\Windows\System32\GDI32.dll
0x00007ff958ad0000 - 0x00007ff958c65000 	C:\Windows\System32\gdi32full.dll
0x00007ff958da0000 - 0x00007ff958e3e000 	C:\Windows\System32\msvcp_win.dll
0x00007ff959840000 - 0x00007ff95993a000 	C:\Windows\System32\ucrtbase.dll
0x00007ff9440c0000 - 0x00007ff944344000 	C:\Windows\WinSxS\amd64_microsoft.windows.common-controls_6595b64144ccf1df_6.0.18362.900_none_e6beb9d913147d17\COMCTL32.dll
0x00007ff95a100000 - 0x00007ff95a435000 	C:\Windows\System32\combase.dll
0x00007ff958fc0000 - 0x00007ff959040000 	C:\Windows\System32\bcryptPrimitives.dll
0x00007ff95a070000 - 0x00007ff95a09e000 	C:\Windows\System32\IMM32.DLL
0x000000005dbf0000 - 0x000000005dcc2000 	C:\Program Files\Java\jdk1.8.0_181\jre\bin\msvcr100.dll
0x000000005d340000 - 0x000000005dbe2000 	C:\Program Files\Java\jdk1.8.0_181\jre\bin\server\jvm.dll
0x00007ff95a000000 - 0x00007ff95a008000 	C:\Windows\System32\PSAPI.DLL
0x00007ff957330000 - 0x00007ff957339000 	C:\Windows\SYSTEM32\WSOCK32.dll
0x00007ff95b2b0000 - 0x00007ff95b31f000 	C:\Windows\System32\WS2_32.dll
0x00007ff955370000 - 0x00007ff955394000 	C:\Windows\SYSTEM32\WINMM.dll
0x00007ff9523d0000 - 0x00007ff9523da000 	C:\Windows\SYSTEM32\VERSION.dll
0x00007ff955340000 - 0x00007ff95536d000 	C:\Windows\SYSTEM32\winmmbase.dll
0x00007ff958d20000 - 0x00007ff958d6a000 	C:\Windows\System32\cfgmgr32.dll
0x000000005f0f0000 - 0x000000005f0ff000 	C:\Program Files\Java\jdk1.8.0_181\jre\bin\verify.dll
0x000000005f0c0000 - 0x000000005f0e9000 	C:\Program Files\Java\jdk1.8.0_181\jre\bin\java.dll
0x000000005f070000 - 0x000000005f093000 	C:\Program Files\Java\jdk1.8.0_181\jre\bin\instrument.dll
0x000000005f0a0000 - 0x000000005f0b6000 	C:\Program Files\Java\jdk1.8.0_181\jre\bin\zip.dll
0x00007ff95b340000 - 0x00007ff95ba26000 	C:\Windows\System32\SHELL32.dll
0x00007ff95b1a0000 - 0x00007ff95b249000 	C:\Windows\System32\shcore.dll
0x00007ff9590c0000 - 0x00007ff959840000 	C:\Windows\System32\windows.storage.dll
0x00007ff958aa0000 - 0x00007ff958ac3000 	C:\Windows\System32\profapi.dll
0x00007ff958a10000 - 0x00007ff958a5a000 	C:\Windows\System32\powrprof.dll
0x00007ff958a00000 - 0x00007ff958a10000 	C:\Windows\System32\UMPDC.dll
0x00007ff95b250000 - 0x00007ff95b2a2000 	C:\Windows\System32\shlwapi.dll
0x00007ff958a80000 - 0x00007ff958a91000 	C:\Windows\System32\kernel.appcore.dll
0x00007ff9590a0000 - 0x00007ff9590b7000 	C:\Windows\System32\cryptsp.dll
0x00007ff9518d0000 - 0x00007ff9518ea000 	C:\Program Files\JetBrains\IntelliJ IDEA 2018.1.5\bin\breakgen64.dll
0x000000005f050000 - 0x000000005f06a000 	C:\Program Files\Java\jdk1.8.0_181\jre\bin\net.dll
0x00007ff958270000 - 0x00007ff9582d7000 	C:\Windows\system32\mswsock.dll
0x00007ff957de0000 - 0x00007ff957e13000 	C:\Windows\system32\rsaenh.dll
0x00007ff958d70000 - 0x00007ff958d96000 	C:\Windows\System32\bcrypt.dll
0x00007ff958920000 - 0x00007ff958945000 	C:\Windows\SYSTEM32\USERENV.dll
0x00007ff958440000 - 0x00007ff95844c000 	C:\Windows\SYSTEM32\CRYPTBASE.dll
0x00007ff957f80000 - 0x00007ff957fba000 	C:\Windows\SYSTEM32\IPHLPAPI.DLL
0x00007ff95a440000 - 0x00007ff95a448000 	C:\Windows\System32\NSI.dll
0x00007ff952070000 - 0x00007ff952086000 	C:\Windows\SYSTEM32\dhcpcsvc6.DLL
0x00007ff952050000 - 0x00007ff95206c000 	C:\Windows\SYSTEM32\dhcpcsvc.DLL
0x00007ff957fc0000 - 0x00007ff95808b000 	C:\Windows\SYSTEM32\DNSAPI.dll
0x000000005f030000 - 0x000000005f041000 	C:\Program Files\Java\jdk1.8.0_181\jre\bin\nio.dll
0x00007ff954f70000 - 0x00007ff954f7a000 	C:\Users\wangq\AppData\Local\Temp\jansi-1.17.1-8665140899999473954.dll
0x00007ff951cf0000 - 0x00007ff951cfa000 	C:\Users\wangq\AppData\Local\Temp\jansi-1.17.1-1499928453038092170.dll

VM Arguments:
jvm_args: -Dmaven.multiModuleProjectDirectory=G:\PlatFormRoot-03 -Dmaven.home=D:\Program Files\apache-maven-3.5.4 -Dclassworlds.conf=D:\Program Files\apache-maven-3.5.4\bin\m2.conf -javaagent:C:\Program Files\JetBrains\IntelliJ IDEA 2018.1.5\lib\idea_rt.jar=59546:C:\Program Files\JetBrains\IntelliJ IDEA 2018.1.5\bin -Dfile.encoding=GBK 
java_command: org.codehaus.classworlds.Launcher -Didea.version=2018.1.5 -s C:\Users\wangq\.m2\settings.xml compile -f pom.xml
java_class_path (initial): D:\Program Files\apache-maven-3.5.4\boot\plexus-classworlds-2.5.2.jar;C:\Program Files\JetBrains\IntelliJ IDEA 2018.1.5\lib\idea_rt.jar
Launcher Type: SUN_STANDARD

Environment Variables:
JAVA_HOME=C:\Program Files\Java\jdk1.8.0_181
PATH=C:\Program Files (x86)\Common Files\Oracle\Java\javapath;C:\Program Files (x86)\Intel\Intel(R) Management Engine Components\iCLS\;C:\Program Files\Intel\Intel(R) Management Engine Components\iCLS\;C:\Windows\system32;C:\Windows;C:\Windows\System32\Wbem;C:\Windows\System32\WindowsPowerShell\v1.0\;C:\Windows\System32\OpenSSH\;C:\Program Files (x86)\Intel\Intel(R) Management Engine Components\DAL;C:\Program Files\Intel\Intel(R) Management Engine Components\DAL;C:\Program Files (x86)\Intel\Intel(R) Management Engine Components\IPT;C:\Program Files\Intel\Intel(R) Management Engine Components\IPT;D:\Program Files\mysql-8.0.13-winx64\bin;D:\Program Files\Git\cmd;C:\Program Files\Java\jdk1.8.0_181\bin;C:\Program Files\Java\jdk1.8.0_181\jre\bin;D:\gradle-5.6.4\bin;D:\Program Files\apache-maven-3.5.4\bin;D:\Program Files\curl-7.67.0-win64-mingw\bin;C:\Program Files\erl10.5\bin;D:\Program Files\rabbitmq_server-3.8.2\sbin;D:\Program Files\nodejs\;D:\Program Files\Git\bin;C:\ProgramData\chocolatey\bin;D:\Program Files\PuTTY\;C:\Users\wangq\AppData\Local\Microsoft\WindowsApps;C:\Program Files\JetBrains\IntelliJ IDEA 2019.1\bin;;C:\Users\wangq\AppData\Roaming\npm
USERNAME=qing
OS=Windows_NT
PROCESSOR_IDENTIFIER=Intel64 Family 6 Model 142 Stepping 10, GenuineIntel



---------------  S Y S T E M  ---------------

OS: Windows 10.0 , 64 bit Build 18362 (10.0.18362.900)

CPU:total 8 (initial active 8) (4 cores per cpu, 2 threads per core) family 6 model 142 stepping 10, cmov, cx8, fxsr, mmx, sse, sse2, sse3, ssse3, sse4.1, sse4.2, popcnt, avx, avx2, clmul, erms, 3dnowpref, lzcnt, ht, tsc, tscinvbit, bmi1, bmi2, adx

Memory: 4k page, physical 8282564k(536124k free), swap 16474564k(6852k free)

vm_info: Java HotSpot(TM) 64-Bit Server VM (25.181-b13) for windows-amd64 JRE (1.8.0_181-b13), built on Jul  7 2018 04:01:33 by "java_re" with MS VC++ 10.0 (VS2010)

time: Mon Jun 22 18:05:18 2020
elapsed time: 12 seconds (0d 0h 0m 12s)

