#
# There is insufficient memory for the Java Runtime Environment to continue.
# Native memory allocation (malloc) failed to allocate 131088 bytes for Chunk::new
# Possible reasons:
#   The system is out of physical RAM or swap space
#   In 32 bit mode, the process size limit was hit
# Possible solutions:
#   Reduce memory load on the system
#   Increase physical memory or swap space
#   Check if swap backing store is full
#   Use 64 bit Java on a 64 bit OS
#   Decrease Java heap size (-Xmx/-Xms)
#   Decrease number of Java threads
#   Decrease Java thread stack sizes (-Xss)
#   Set larger code cache with -XX:ReservedCodeCacheSize=
# This output file may be truncated or incomplete.
#
#  Out of Memory Error (allocation.cpp:390), pid=11760, tid=0x0000000000001490
#
# JRE version: Java(TM) SE Runtime Environment (8.0_181-b13) (build 1.8.0_181-b13)
# Java VM: Java HotSpot(TM) 64-Bit Server VM (25.181-b13 mixed mode windows-amd64 compressed oops)
# Failed to write core dump. Minidumps are not enabled by default on client versions of Windows
#

---------------  T H R E A D  ---------------

Current thread (0x0000000019d10000):  JavaThread "C2 CompilerThread0" daemon [_thread_in_native, id=5264, stack(0x000000001a450000,0x000000001a550000)]

Stack: [0x000000001a450000,0x000000001a550000]
[error occurred during error reporting (printing stack bounds), id 0xc0000005]

Native frames: (J=compiled Java code, j=interpreted, Vv=VM code, C=native code)


Current CompileTask:
C2:  14920 6392   !   4       lombok.javac.JavacAST::drill (146 bytes)


---------------  P R O C E S S  ---------------

Java Threads: ( => current thread )
  0x0000000019d14800 JavaThread "Service Thread" daemon [_thread_blocked, id=13448, stack(0x000000001a850000,0x000000001a950000)]
  0x0000000019d20000 JavaThread "C1 CompilerThread3" daemon [_thread_blocked, id=21696, stack(0x000000001a750000,0x000000001a850000)]
  0x0000000019d13800 JavaThread "C2 CompilerThread2" daemon [_thread_in_native, id=14848, stack(0x000000001a650000,0x000000001a750000)]
  0x0000000019d11800 JavaThread "C2 CompilerThread1" daemon [_thread_in_native, id=12464, stack(0x000000001a550000,0x000000001a650000)]
=>0x0000000019d10000 JavaThread "C2 CompilerThread0" daemon [_thread_in_native, id=5264, stack(0x000000001a450000,0x000000001a550000)]
  0x0000000019d16800 JavaThread "Monitor Ctrl-Break" daemon [_thread_in_native, id=12720, stack(0x000000001a350000,0x000000001a450000)]
  0x0000000019c8c000 JavaThread "Attach Listener" daemon [_thread_blocked, id=19776, stack(0x000000001a250000,0x000000001a350000)]
  0x0000000019c8b000 JavaThread "Signal Dispatcher" daemon [_thread_blocked, id=5136, stack(0x000000001a150000,0x000000001a250000)]
  0x0000000019c70800 JavaThread "Finalizer" daemon [_thread_blocked, id=22124, stack(0x000000001a050000,0x000000001a150000)]
  0x0000000002dd8000 JavaThread "Reference Handler" daemon [_thread_blocked, id=20072, stack(0x0000000019b50000,0x0000000019c50000)]
  0x0000000002ce2800 JavaThread "main" [_thread_in_native, id=18060, stack(0x0000000002620000,0x0000000002720000)]

Other Threads:
  0x0000000017d79800 VMThread [stack: 0x0000000019a50000,0x0000000019b50000] [id=6472]
  0x0000000019dd0800 WatcherThread [stack: 0x000000001a950000,0x000000001aa50000] [id=4492]

VM state:not at safepoint (normal execution)

VM Mutex/Monitor currently owned by a thread: None

Heap:
 PSYoungGen      total 359424K, used 82557K [0x00000000d5d80000, 0x00000000eed80000, 0x0000000100000000)
  eden space 334848K, 24% used [0x00000000d5d80000,0x00000000dae1f790,0x00000000ea480000)
  from space 24576K, 0% used [0x00000000ec280000,0x00000000ec280000,0x00000000eda80000)
  to   space 30720K, 0% used [0x00000000ea480000,0x00000000ea480000,0x00000000ec280000)
 ParOldGen       total 89600K, used 61319K [0x0000000081800000, 0x0000000086f80000, 0x00000000d5d80000)
  object space 89600K, 68% used [0x0000000081800000,0x00000000853e1d48,0x0000000086f80000)
 Metaspace       used 36596K, capacity 37494K, committed 37680K, reserved 1083392K
  class space    used 4328K, capacity 4612K, committed 4656K, reserved 1048576K

Card table byte_map: [0x00000000121a0000,0x00000000125a0000] byte_map_base: 0x0000000011d94000

Marking Bits: (ParMarkBitMap*) 0x000000005db62d00
 Begin Bits: [0x0000000013050000, 0x0000000014ff0000)
 End Bits:   [0x0000000014ff0000, 0x0000000016f90000)

Polling page: 0x00000000005f0000

CodeCache: size=245760Kb used=19888Kb max_used=19888Kb free=225871Kb
 bounds [0x0000000002de0000, 0x0000000004170000, 0x0000000011de0000]
 total_blobs=5996 nmethods=5476 adapters=432
 compilation: enabled

Compilation events (10 events):
Event: 14.798 Thread 0x0000000019d20000 6402       3       com.sun.tools.javac.util.Context::get (10 bytes)
Event: 14.798 Thread 0x0000000019d20000 nmethod 6402 0x000000000415bd90 code [0x000000000415bf00, 0x000000000415c0d8]
Event: 14.799 Thread 0x0000000019d20000 6403       3       com.sun.tools.javac.util.Context::key (50 bytes)
Event: 14.799 Thread 0x0000000019d20000 nmethod 6403 0x000000000415b210 code [0x000000000415b3e0, 0x000000000415bac8]
Event: 14.817 Thread 0x0000000019d11800 nmethod 6362 0x000000000415c190 code [0x000000000415c660, 0x000000000415e0c8]
Event: 14.817 Thread 0x0000000019d11800 6401       4       com.sun.tools.javac.util.Convert::escapeUnicode (173 bytes)
Event: 14.819 Thread 0x0000000019d11800 nmethod 6401 0x000000000415ad90 code [0x000000000415aee0, 0x000000000415b098]
Event: 14.819 Thread 0x0000000019d11800 6385   !   4       lombok.core.AST::buildWithField0 (122 bytes)
Event: 14.827 Thread 0x0000000019d20000 6404       3       java.net.URI::<init> (53 bytes)
Event: 14.827 Thread 0x0000000019d20000 nmethod 6404 0x000000000415a610 code [0x000000000415a7a0, 0x000000000415ac08]

GC Heap History (10 events):
Event: 5.730 GC heap before
{Heap before GC invocations=8 (full 0):
 PSYoungGen      total 148992K, used 21734K [0x00000000d5d80000, 0x00000000e8a80000, 0x0000000100000000)
  eden space 132608K, 4% used [0x00000000d5d80000,0x00000000d62bda38,0x00000000ddf00000)
  from space 16384K, 99% used [0x00000000ddf00000,0x00000000deefc010,0x00000000def00000)
  to   space 21504K, 0% used [0x00000000e7580000,0x00000000e7580000,0x00000000e8a80000)
 ParOldGen       total 87552K, used 26316K [0x0000000081800000, 0x0000000086d80000, 0x00000000d5d80000)
  object space 87552K, 30% used [0x0000000081800000,0x00000000831b30c8,0x0000000086d80000)
 Metaspace       used 20746K, capacity 21158K, committed 21296K, reserved 1069056K
  class space    used 2453K, capacity 2579K, committed 2608K, reserved 1048576K
Event: 5.749 GC heap after
Heap after GC invocations=8 (full 0):
 PSYoungGen      total 286208K, used 15030K [0x00000000d5d80000, 0x00000000e8b80000, 0x0000000100000000)
  eden space 264704K, 0% used [0x00000000d5d80000,0x00000000d5d80000,0x00000000e6000000)
  from space 21504K, 69% used [0x00000000e7580000,0x00000000e842dbc0,0x00000000e8a80000)
  to   space 22016K, 0% used [0x00000000e6000000,0x00000000e6000000,0x00000000e7580000)
 ParOldGen       total 87552K, used 28478K [0x0000000081800000, 0x0000000086d80000, 0x00000000d5d80000)
  object space 87552K, 32% used [0x0000000081800000,0x00000000833cf908,0x0000000086d80000)
 Metaspace       used 20746K, capacity 21158K, committed 21296K, reserved 1069056K
  class space    used 2453K, capacity 2579K, committed 2608K, reserved 1048576K
}
Event: 5.749 GC heap before
{Heap before GC invocations=9 (full 1):
 PSYoungGen      total 286208K, used 15030K [0x00000000d5d80000, 0x00000000e8b80000, 0x0000000100000000)
  eden space 264704K, 0% used [0x00000000d5d80000,0x00000000d5d80000,0x00000000e6000000)
  from space 21504K, 69% used [0x00000000e7580000,0x00000000e842dbc0,0x00000000e8a80000)
  to   space 22016K, 0% used [0x00000000e6000000,0x00000000e6000000,0x00000000e7580000)
 ParOldGen       total 87552K, used 28478K [0x0000000081800000, 0x0000000086d80000, 0x00000000d5d80000)
  object space 87552K, 32% used [0x0000000081800000,0x00000000833cf908,0x0000000086d80000)
 Metaspace       used 20746K, capacity 21158K, committed 21296K, reserved 1069056K
  class space    used 2453K, capacity 2579K, committed 2608K, reserved 1048576K
Event: 5.863 GC heap after
Heap after GC invocations=9 (full 1):
 PSYoungGen      total 286208K, used 0K [0x00000000d5d80000, 0x00000000e8b80000, 0x0000000100000000)
  eden space 264704K, 0% used [0x00000000d5d80000,0x00000000d5d80000,0x00000000e6000000)
  from space 21504K, 0% used [0x00000000e7580000,0x00000000e7580000,0x00000000e8a80000)
  to   space 22016K, 0% used [0x00000000e6000000,0x00000000e6000000,0x00000000e7580000)
 ParOldGen       total 89600K, used 30003K [0x0000000081800000, 0x0000000086f80000, 0x00000000d5d80000)
  object space 89600K, 33% used [0x0000000081800000,0x000000008354ceb8,0x0000000086f80000)
 Metaspace       used 20746K, capacity 21158K, committed 21296K, reserved 1069056K
  class space    used 2453K, capacity 2579K, committed 2608K, reserved 1048576K
}
Event: 11.601 GC heap before
{Heap before GC invocations=10 (full 1):
 PSYoungGen      total 286208K, used 264704K [0x00000000d5d80000, 0x00000000e8b80000, 0x0000000100000000)
  eden space 264704K, 100% used [0x00000000d5d80000,0x00000000e6000000,0x00000000e6000000)
  from space 21504K, 0% used [0x00000000e7580000,0x00000000e7580000,0x00000000e8a80000)
  to   space 22016K, 0% used [0x00000000e6000000,0x00000000e6000000,0x00000000e7580000)
 ParOldGen       total 89600K, used 30003K [0x0000000081800000, 0x0000000086f80000, 0x00000000d5d80000)
  object space 89600K, 33% used [0x0000000081800000,0x000000008354ceb8,0x0000000086f80000)
 Metaspace       used 30414K, capacity 31158K, committed 31536K, reserved 1077248K
  class space    used 3586K, capacity 3825K, committed 3888K, reserved 1048576K
Event: 11.626 GC heap after
Heap after GC invocations=10 (full 1):
 PSYoungGen      total 286720K, used 21387K [0x00000000d5d80000, 0x00000000eda80000, 0x0000000100000000)
  eden space 264704K, 0% used [0x00000000d5d80000,0x00000000d5d80000,0x00000000e6000000)
  from space 22016K, 97% used [0x00000000e6000000,0x00000000e74e2d78,0x00000000e7580000)
  to   space 24576K, 0% used [0x00000000ec280000,0x00000000ec280000,0x00000000eda80000)
 ParOldGen       total 89600K, used 30011K [0x0000000081800000, 0x0000000086f80000, 0x00000000d5d80000)
  object space 89600K, 33% used [0x0000000081800000,0x000000008354eeb8,0x0000000086f80000)
 Metaspace       used 30414K, capacity 31158K, committed 31536K, reserved 1077248K
  class space    used 3586K, capacity 3825K, committed 3888K, reserved 1048576K
}
Event: 12.980 GC heap before
{Heap before GC invocations=11 (full 1):
 PSYoungGen      total 286720K, used 155659K [0x00000000d5d80000, 0x00000000eda80000, 0x0000000100000000)
  eden space 264704K, 50% used [0x00000000d5d80000,0x00000000de09ff48,0x00000000e6000000)
  from space 22016K, 97% used [0x00000000e6000000,0x00000000e74e2d78,0x00000000e7580000)
  to   space 24576K, 0% used [0x00000000ec280000,0x00000000ec280000,0x00000000eda80000)
 ParOldGen       total 89600K, used 30011K [0x0000000081800000, 0x0000000086f80000, 0x00000000d5d80000)
  object space 89600K, 33% used [0x0000000081800000,0x000000008354eeb8,0x0000000086f80000)
 Metaspace       used 34576K, capacity 35306K, committed 35496K, reserved 1081344K
  class space    used 4123K, capacity 4377K, committed 4400K, reserved 1048576K
Event: 13.025 GC heap after
Heap after GC invocations=11 (full 1):
 PSYoungGen      total 359424K, used 24571K [0x00000000d5d80000, 0x00000000eed80000, 0x0000000100000000)
  eden space 334848K, 0% used [0x00000000d5d80000,0x00000000d5d80000,0x00000000ea480000)
  from space 24576K, 99% used [0x00000000ec280000,0x00000000eda7ee80,0x00000000eda80000)
  to   space 30720K, 0% used [0x00000000ea480000,0x00000000ea480000,0x00000000ec280000)
 ParOldGen       total 89600K, used 37636K [0x0000000081800000, 0x0000000086f80000, 0x00000000d5d80000)
  object space 89600K, 42% used [0x0000000081800000,0x0000000083cc1338,0x0000000086f80000)
 Metaspace       used 34576K, capacity 35306K, committed 35496K, reserved 1081344K
  class space    used 4123K, capacity 4377K, committed 4400K, reserved 1048576K
}
Event: 13.025 GC heap before
{Heap before GC invocations=12 (full 2):
 PSYoungGen      total 359424K, used 24571K [0x00000000d5d80000, 0x00000000eed80000, 0x0000000100000000)
  eden space 334848K, 0% used [0x00000000d5d80000,0x00000000d5d80000,0x00000000ea480000)
  from space 24576K, 99% used [0x00000000ec280000,0x00000000eda7ee80,0x00000000eda80000)
  to   space 30720K, 0% used [0x00000000ea480000,0x00000000ea480000,0x00000000ec280000)
 ParOldGen       total 89600K, used 37636K [0x0000000081800000, 0x0000000086f80000, 0x00000000d5d80000)
  object space 89600K, 42% used [0x0000000081800000,0x0000000083cc1338,0x0000000086f80000)
 Metaspace       used 34576K, capacity 35306K, committed 35496K, reserved 1081344K
  class space    used 4123K, capacity 4377K, committed 4400K, reserved 1048576K
Event: 13.296 GC heap after
Heap after GC invocations=12 (full 2):
 PSYoungGen      total 359424K, used 0K [0x00000000d5d80000, 0x00000000eed80000, 0x0000000100000000)
  eden space 334848K, 0% used [0x00000000d5d80000,0x00000000d5d80000,0x00000000ea480000)
  from space 24576K, 0% used [0x00000000ec280000,0x00000000ec280000,0x00000000eda80000)
  to   space 30720K, 0% used [0x00000000ea480000,0x00000000ea480000,0x00000000ec280000)
 ParOldGen       total 89600K, used 61319K [0x0000000081800000, 0x0000000086f80000, 0x00000000d5d80000)
  object space 89600K, 68% used [0x0000000081800000,0x00000000853e1d48,0x0000000086f80000)
 Metaspace       used 34573K, capacity 35300K, committed 35496K, reserved 1081344K
  class space    used 4122K, capacity 4375K, committed 4400K, reserved 1048576K
}

Deoptimization events (10 events):
Event: 14.364 Thread 0x0000000002ce2800 Uncommon trap: reason=unstable_if action=reinterpret pc=0x00000000034de08c method=java.util.HashMap.hash(Ljava/lang/Object;)I @ 1
Event: 14.371 Thread 0x0000000002ce2800 Uncommon trap: reason=unstable_if action=reinterpret pc=0x00000000034ad75c method=java.util.HashMap.hash(Ljava/lang/Object;)I @ 1
Event: 14.393 Thread 0x0000000002ce2800 Uncommon trap: reason=unstable_if action=reinterpret pc=0x00000000034cffa4 method=java.util.regex.Pattern$Begin.match(Ljava/util/regex/Matcher;ILjava/lang/CharSequence;)Z @ 33
Event: 14.500 Thread 0x0000000002ce2800 Uncommon trap: reason=bimorphic action=maybe_recompile pc=0x0000000003681700 method=java.util.regex.Pattern$5.isSatisfiedBy(I)Z @ 5
Event: 14.501 Thread 0x0000000002ce2800 Uncommon trap: reason=bimorphic action=maybe_recompile pc=0x00000000036816ec method=java.util.regex.Pattern$5.isSatisfiedBy(I)Z @ 5
Event: 14.501 Thread 0x0000000002ce2800 Uncommon trap: reason=bimorphic action=maybe_recompile pc=0x00000000036816ec method=java.util.regex.Pattern$5.isSatisfiedBy(I)Z @ 5
Event: 14.501 Thread 0x0000000002ce2800 Uncommon trap: reason=bimorphic action=maybe_recompile pc=0x00000000036816ec method=java.util.regex.Pattern$5.isSatisfiedBy(I)Z @ 5
Event: 14.528 Thread 0x0000000002ce2800 Uncommon trap: reason=unstable_if action=reinterpret pc=0x000000000313f4e0 method=java.util.zip.ZipEntry.setExtra0([BZ)V @ 32
Event: 14.723 Thread 0x0000000002ce2800 Uncommon trap: reason=unstable_if action=reinterpret pc=0x0000000003d303e0 method=java.io.WinNTFileSystem.resolve(Ljava/lang/String;Ljava/lang/String;)Ljava/lang/String; @ 117
Event: 14.793 Thread 0x0000000002ce2800 Uncommon trap: reason=unstable_if action=reinterpret pc=0x000000000402bf20 method=java.util.HashMap.removeNode(ILjava/lang/Object;Ljava/lang/Object;ZZ)Ljava/util/HashMap$Node; @ 62

Classes redefined (0 events):
No events

Internal exceptions (10 events):
Event: 13.604 Thread 0x0000000002ce2800 Exception <a 'java/security/PrivilegedActionException'> (0x00000000d75f9750) thrown at [C:\re\workspace\8-2-build-windows-amd64-cygwin\jdk8u181\11358\hotspot\src\share\vm\prims\jvm.cpp, line 1435]
Event: 13.604 Thread 0x0000000002ce2800 Exception <a 'java/security/PrivilegedActionException'> (0x00000000d75facf8) thrown at [C:\re\workspace\8-2-build-windows-amd64-cygwin\jdk8u181\11358\hotspot\src\share\vm\prims\jvm.cpp, line 1435]
Event: 13.604 Thread 0x0000000002ce2800 Exception <a 'java/security/PrivilegedActionException'> (0x00000000d75fb0f0) thrown at [C:\re\workspace\8-2-build-windows-amd64-cygwin\jdk8u181\11358\hotspot\src\share\vm\prims\jvm.cpp, line 1435]
Event: 13.605 Thread 0x0000000002ce2800 Exception <a 'java/security/PrivilegedActionException'> (0x00000000d75fc770) thrown at [C:\re\workspace\8-2-build-windows-amd64-cygwin\jdk8u181\11358\hotspot\src\share\vm\prims\jvm.cpp, line 1435]
Event: 13.605 Thread 0x0000000002ce2800 Exception <a 'java/security/PrivilegedActionException'> (0x00000000d75fcb68) thrown at [C:\re\workspace\8-2-build-windows-amd64-cygwin\jdk8u181\11358\hotspot\src\share\vm\prims\jvm.cpp, line 1435]
Event: 13.605 Thread 0x0000000002ce2800 Exception <a 'java/security/PrivilegedActionException'> (0x00000000d75fe2d8) thrown at [C:\re\workspace\8-2-build-windows-amd64-cygwin\jdk8u181\11358\hotspot\src\share\vm\prims\jvm.cpp, line 1435]
Event: 13.605 Thread 0x0000000002ce2800 Exception <a 'java/security/PrivilegedActionException'> (0x00000000d75fe6d0) thrown at [C:\re\workspace\8-2-build-windows-amd64-cygwin\jdk8u181\11358\hotspot\src\share\vm\prims\jvm.cpp, line 1435]
Event: 14.364 Thread 0x0000000002ce2800 Implicit null exception at 0x00000000034ddc71 to 0x00000000034de075
Event: 14.371 Thread 0x0000000002ce2800 Implicit null exception at 0x00000000034ad555 to 0x00000000034ad74d
Event: 14.793 Thread 0x0000000002ce2800 Implicit null exception at 0x000000000402ba9c to 0x000000000402bee1

Events (10 events):
Event: 14.738 loading class com/sun/tools/javac/tree/JCTree$JCMemberReference$ReferenceKind done
Event: 14.738 loading class com/sun/tools/javac/tree/JCTree$JCMemberReference$OverloadKind
Event: 14.738 loading class com/sun/tools/javac/tree/JCTree$JCMemberReference$OverloadKind done
Event: 14.739 loading class com/sun/source/tree/LambdaExpressionTree$BodyKind
Event: 14.739 loading class com/sun/source/tree/LambdaExpressionTree$BodyKind done
Event: 14.754 loading class java/lang/Class$EnclosingMethodInfo
Event: 14.755 loading class java/lang/Class$EnclosingMethodInfo done
Event: 14.793 Thread 0x0000000002ce2800 Uncommon trap: trap_request=0xffffff65 fr.pc=0x000000000402bf20
Event: 14.793 Thread 0x0000000002ce2800 DEOPT PACKING pc=0x000000000402bf20 sp=0x000000000271d730
Event: 14.793 Thread 0x0000000002ce2800 DEOPT UNPACKING pc=0x0000000002e2583b sp=0x000000000271d698 mode 2


Dynamic libraries:
0x00007ff6223b0000 - 0x00007ff6223e7000 	C:\Program Files\Java\jdk1.8.0_181\bin\java.exe
0x00007ff95bb40000 - 0x00007ff95bd30000 	C:\Windows\SYSTEM32\ntdll.dll
0x00007ff95ae30000 - 0x00007ff95aee2000 	C:\Windows\System32\KERNEL32.DLL
0x00007ff959940000 - 0x00007ff959be4000 	C:\Windows\System32\KERNELBASE.dll
0x00007ff959e80000 - 0x00007ff959f23000 	C:\Windows\System32\ADVAPI32.dll
0x00007ff95b050000 - 0x00007ff95b0ee000 	C:\Windows\System32\msvcrt.dll
0x00007ff95afb0000 - 0x00007ff95b047000 	C:\Windows\System32\sechost.dll
0x00007ff95a450000 - 0x00007ff95a570000 	C:\Windows\System32\RPCRT4.dll
0x00007ff959c60000 - 0x00007ff959df4000 	C:\Windows\System32\USER32.dll
0x00007ff958f90000 - 0x00007ff958fb1000 	C:\Windows\System32\win32u.dll
0x00007ff95b0f0000 - 0x00007ff95b116000 	C:\Windows\System32\GDI32.dll
0x00007ff958ad0000 - 0x00007ff958c65000 	C:\Windows\System32\gdi32full.dll
0x00007ff958da0000 - 0x00007ff958e3e000 	C:\Windows\System32\msvcp_win.dll
0x00007ff959840000 - 0x00007ff95993a000 	C:\Windows\System32\ucrtbase.dll
0x00007ff9440c0000 - 0x00007ff944344000 	C:\Windows\WinSxS\amd64_microsoft.windows.common-controls_6595b64144ccf1df_6.0.18362.900_none_e6beb9d913147d17\COMCTL32.dll
0x00007ff95a100000 - 0x00007ff95a435000 	C:\Windows\System32\combase.dll
0x00007ff958fc0000 - 0x00007ff959040000 	C:\Windows\System32\bcryptPrimitives.dll
0x00007ff95a070000 - 0x00007ff95a09e000 	C:\Windows\System32\IMM32.DLL
0x000000005dbf0000 - 0x000000005dcc2000 	C:\Program Files\Java\jdk1.8.0_181\jre\bin\msvcr100.dll
0x000000005d340000 - 0x000000005dbe2000 	C:\Program Files\Java\jdk1.8.0_181\jre\bin\server\jvm.dll
0x00007ff95a000000 - 0x00007ff95a008000 	C:\Windows\System32\PSAPI.DLL
0x00007ff957330000 - 0x00007ff957339000 	C:\Windows\SYSTEM32\WSOCK32.dll
0x00007ff95b2b0000 - 0x00007ff95b31f000 	C:\Windows\System32\WS2_32.dll
0x00007ff955370000 - 0x00007ff955394000 	C:\Windows\SYSTEM32\WINMM.dll
0x00007ff9523d0000 - 0x00007ff9523da000 	C:\Windows\SYSTEM32\VERSION.dll
0x00007ff955340000 - 0x00007ff95536d000 	C:\Windows\SYSTEM32\winmmbase.dll
0x00007ff958d20000 - 0x00007ff958d6a000 	C:\Windows\System32\cfgmgr32.dll
0x000000005f0f0000 - 0x000000005f0ff000 	C:\Program Files\Java\jdk1.8.0_181\jre\bin\verify.dll
0x000000005f0c0000 - 0x000000005f0e9000 	C:\Program Files\Java\jdk1.8.0_181\jre\bin\java.dll
0x000000005f070000 - 0x000000005f093000 	C:\Program Files\Java\jdk1.8.0_181\jre\bin\instrument.dll
0x000000005f0a0000 - 0x000000005f0b6000 	C:\Program Files\Java\jdk1.8.0_181\jre\bin\zip.dll
0x00007ff95b340000 - 0x00007ff95ba26000 	C:\Windows\System32\SHELL32.dll
0x00007ff95b1a0000 - 0x00007ff95b249000 	C:\Windows\System32\shcore.dll
0x00007ff9590c0000 - 0x00007ff959840000 	C:\Windows\System32\windows.storage.dll
0x00007ff958aa0000 - 0x00007ff958ac3000 	C:\Windows\System32\profapi.dll
0x00007ff958a10000 - 0x00007ff958a5a000 	C:\Windows\System32\powrprof.dll
0x00007ff958a00000 - 0x00007ff958a10000 	C:\Windows\System32\UMPDC.dll
0x00007ff95b250000 - 0x00007ff95b2a2000 	C:\Windows\System32\shlwapi.dll
0x00007ff958a80000 - 0x00007ff958a91000 	C:\Windows\System32\kernel.appcore.dll
0x00007ff9590a0000 - 0x00007ff9590b7000 	C:\Windows\System32\cryptsp.dll
0x00007ff9518d0000 - 0x00007ff9518ea000 	C:\Program Files\JetBrains\IntelliJ IDEA 2018.1.5\bin\breakgen64.dll
0x000000005f050000 - 0x000000005f06a000 	C:\Program Files\Java\jdk1.8.0_181\jre\bin\net.dll
0x00007ff958270000 - 0x00007ff9582d7000 	C:\Windows\system32\mswsock.dll
0x00007ff957de0000 - 0x00007ff957e13000 	C:\Windows\system32\rsaenh.dll
0x00007ff958d70000 - 0x00007ff958d96000 	C:\Windows\System32\bcrypt.dll
0x00007ff958920000 - 0x00007ff958945000 	C:\Windows\SYSTEM32\USERENV.dll
0x00007ff958440000 - 0x00007ff95844c000 	C:\Windows\SYSTEM32\CRYPTBASE.dll
0x00007ff957f80000 - 0x00007ff957fba000 	C:\Windows\SYSTEM32\IPHLPAPI.DLL
0x00007ff95a440000 - 0x00007ff95a448000 	C:\Windows\System32\NSI.dll
0x00007ff952070000 - 0x00007ff952086000 	C:\Windows\SYSTEM32\dhcpcsvc6.DLL
0x00007ff952050000 - 0x00007ff95206c000 	C:\Windows\SYSTEM32\dhcpcsvc.DLL
0x00007ff957fc0000 - 0x00007ff95808b000 	C:\Windows\SYSTEM32\DNSAPI.dll
0x000000005f030000 - 0x000000005f041000 	C:\Program Files\Java\jdk1.8.0_181\jre\bin\nio.dll
0x00007ff954f70000 - 0x00007ff954f7a000 	C:\Users\wangq\AppData\Local\Temp\jansi-1.17.1-2430645324994660115.dll
0x00007ff951cf0000 - 0x00007ff951cfa000 	C:\Users\wangq\AppData\Local\Temp\jansi-1.17.1-198425168171826930.dll
0x000000005ef20000 - 0x000000005ef44000 	C:\Program Files\Java\jdk1.8.0_181\jre\bin\sunec.dll
0x00007ff94be70000 - 0x00007ff94be7a000 	C:\Windows\System32\rasadhlp.dll
0x00007ff951080000 - 0x00007ff9510f7000 	C:\Windows\System32\fwpuclnt.dll
0x000000005ef10000 - 0x000000005ef1b000 	C:\Program Files\Java\jdk1.8.0_181\jre\bin\sunmscapi.dll
0x00007ff958e40000 - 0x00007ff958f89000 	C:\Windows\System32\CRYPT32.dll
0x00007ff958a60000 - 0x00007ff958a72000 	C:\Windows\System32\MSASN1.dll
0x000000005ef50000 - 0x000000005ef5d000 	C:\Program Files\Java\jdk1.8.0_181\jre\bin\management.dll
0x00007ff92eb10000 - 0x00007ff92eb26000 	C:\Windows\system32\napinsp.dll
0x00007ff92ea90000 - 0x00007ff92eaaa000 	C:\Windows\system32\pnrpnsp.dll
0x00007ff932530000 - 0x00007ff93253e000 	C:\Windows\System32\winrnr.dll
0x00007ff955030000 - 0x00007ff95504c000 	C:\Windows\system32\NLAapi.dll
0x00007ff9372b0000 - 0x00007ff9372c5000 	C:\Windows\system32\wshbth.dll
0x00007ff957a60000 - 0x00007ff957a91000 	C:\Windows\SYSTEM32\ntmarta.dll

VM Arguments:
jvm_args: -Dmaven.multiModuleProjectDirectory=G:\PlatFormRoot-03 -Dmaven.home=D:\Program Files\apache-maven-3.5.4 -Dclassworlds.conf=D:\Program Files\apache-maven-3.5.4\bin\m2.conf -javaagent:C:\Program Files\JetBrains\IntelliJ IDEA 2018.1.5\lib\idea_rt.jar=59560:C:\Program Files\JetBrains\IntelliJ IDEA 2018.1.5\bin -Dfile.encoding=GBK 
java_command: org.codehaus.classworlds.Launcher -Didea.version=2018.1.5 -s C:\Users\wangq\.m2\settings.xml install -f pom.xml
java_class_path (initial): D:\Program Files\apache-maven-3.5.4\boot\plexus-classworlds-2.5.2.jar;C:\Program Files\JetBrains\IntelliJ IDEA 2018.1.5\lib\idea_rt.jar
Launcher Type: SUN_STANDARD

Environment Variables:
JAVA_HOME=C:\Program Files\Java\jdk1.8.0_181
PATH=C:\Program Files (x86)\Common Files\Oracle\Java\javapath;C:\Program Files (x86)\Intel\Intel(R) Management Engine Components\iCLS\;C:\Program Files\Intel\Intel(R) Management Engine Components\iCLS\;C:\Windows\system32;C:\Windows;C:\Windows\System32\Wbem;C:\Windows\System32\WindowsPowerShell\v1.0\;C:\Windows\System32\OpenSSH\;C:\Program Files (x86)\Intel\Intel(R) Management Engine Components\DAL;C:\Program Files\Intel\Intel(R) Management Engine Components\DAL;C:\Program Files (x86)\Intel\Intel(R) Management Engine Components\IPT;C:\Program Files\Intel\Intel(R) Management Engine Components\IPT;D:\Program Files\mysql-8.0.13-winx64\bin;D:\Program Files\Git\cmd;C:\Program Files\Java\jdk1.8.0_181\bin;C:\Program Files\Java\jdk1.8.0_181\jre\bin;D:\gradle-5.6.4\bin;D:\Program Files\apache-maven-3.5.4\bin;D:\Program Files\curl-7.67.0-win64-mingw\bin;C:\Program Files\erl10.5\bin;D:\Program Files\rabbitmq_server-3.8.2\sbin;D:\Program Files\nodejs\;D:\Program Files\Git\bin;C:\ProgramData\chocolatey\bin;D:\Program Files\PuTTY\;C:\Users\wangq\AppData\Local\Microsoft\WindowsApps;C:\Program Files\JetBrains\IntelliJ IDEA 2019.1\bin;;C:\Users\wangq\AppData\Roaming\npm
USERNAME=qing
OS=Windows_NT
PROCESSOR_IDENTIFIER=Intel64 Family 6 Model 142 Stepping 10, GenuineIntel



---------------  S Y S T E M  ---------------

OS: Windows 10.0 , 64 bit Build 18362 (10.0.18362.900)

CPU:total 8 (initial active 8) (4 cores per cpu, 2 threads per core) family 6 model 142 stepping 10, cmov, cx8, fxsr, mmx, sse, sse2, sse3, ssse3, sse4.1, sse4.2, popcnt, avx, avx2, clmul, erms, 3dnowpref, lzcnt, ht, tsc, tscinvbit, bmi1, bmi2, adx

Memory: 4k page, physical 8282564k(579072k free), swap 16474564k(3176k free)

vm_info: Java HotSpot(TM) 64-Bit Server VM (25.181-b13) for windows-amd64 JRE (1.8.0_181-b13), built on Jul  7 2018 04:01:33 by "java_re" with MS VC++ 10.0 (VS2010)

time: Mon Jun 22 18:06:22 2020
elapsed time: 14 seconds (0d 0h 0m 14s)

